2026-03-17 18:28:10 - INFO - ============================================================
2026-03-17 18:28:10 - INFO - 数据处理工具启动
2026-03-17 18:28:10 - INFO - ============================================================
2026-03-17 18:28:10 - INFO - 开始处理目录: D:\studious-winner\data\input
2026-03-17 18:28:10 - INFO - 目录检查完成
2026-03-17 18:28:10 - ERROR - 程序执行出错: name 'INPUT_DIR' is not defined
2026-03-17 18:28:10 - INFO - ============================================================
2026-03-17 18:28:10 - INFO - 数据处理工具结束
2026-03-17 18:28:10 - INFO - ============================================================
2026-03-17 18:28:27 - INFO - ============================================================
2026-03-17 18:28:27 - INFO - 数据处理工具启动
2026-03-17 18:28:27 - INFO - ============================================================
2026-03-17 18:28:27 - INFO - 开始处理目录: D:\studious-winner\data\input
2026-03-17 18:28:27 - INFO - 目录检查完成
2026-03-17 18:28:27 - INFO - 开始处理文件: D:\studious-winner\data\input\test_data.csv
2026-03-17 18:28:27 - ERROR - 读取CSV文件失败 D:\studious-winner\data\input\test_data.csv: name 'ENCODING' is not defined
2026-03-17 18:28:27 - WARNING - 文件验证失败 D:\studious-winner\data\input\test_data.csv: 文件为空
2026-03-17 18:28:27 - INFO - 开始处理文件: D:\studious-winner\data\input\test_data.json
2026-03-17 18:28:27 - ERROR - 读取JSON文件失败 D:\studious-winner\data\input\test_data.json: name 'ENCODING' is not defined
2026-03-17 18:28:27 - WARNING - 文件验证失败 D:\studious-winner\data\input\test_data.json: JSON格式错误
2026-03-17 18:28:27 - INFO - 处理完成 - 成功: 0, 跳过: 2
2026-03-17 18:28:27 - INFO - 数据处理完成
2026-03-17 18:28:27 - INFO - ============================================================
2026-03-17 18:28:27 - INFO - 数据处理工具结束
2026-03-17 18:28:27 - INFO - ============================================================
2026-03-17 18:28:53 - INFO - ============================================================
2026-03-17 18:28:53 - INFO - 数据处理工具启动
2026-03-17 18:28:53 - INFO - ============================================================
2026-03-17 18:28:53 - INFO - 开始处理目录: D:\studious-winner\data\input
2026-03-17 18:28:53 - INFO - 目录检查完成
2026-03-17 18:28:53 - INFO - 开始处理文件: D:\studious-winner\data\input\test_data.csv
2026-03-17 18:28:53 - INFO - 成功读取CSV文件: D:\studious-winner\data\input\test_data.csv
2026-03-17 18:28:53 - INFO - 文件验证通过，有效数据条数: 5
2026-03-17 18:28:53 - INFO - 统计结果: {'sum': 1002.0, 'average': 200.4, 'median': 200.75, 'count': 5, 'min': 100.5, 'max': 300.0}
2026-03-17 18:28:53 - INFO - 报告已生成: D:\studious-winner\build\dist\test_data_report.md
2026-03-17 18:28:53 - INFO - 开始处理文件: D:\studious-winner\data\input\test_data.json
2026-03-17 18:28:53 - INFO - 成功读取JSON文件: D:\studious-winner\data\input\test_data.json
2026-03-17 18:28:53 - INFO - 文件验证通过，有效数据条数: 5
2026-03-17 18:28:53 - INFO - 统计结果: {'sum': 1002.0, 'average': 200.4, 'median': 200.75, 'count': 5, 'min': 100.5, 'max': 300.0}
2026-03-17 18:28:53 - INFO - 报告已生成: D:\studious-winner\build\dist\test_data_report.md
2026-03-17 18:28:53 - INFO - 处理完成 - 成功: 2, 跳过: 0
2026-03-17 18:28:53 - INFO - 数据处理完成
2026-03-17 18:28:53 - INFO - ============================================================
2026-03-17 18:28:53 - INFO - 数据处理工具结束
2026-03-17 18:28:53 - INFO - ============================================================
