2026-03-16 19:38:28 - INFO - ============================================================
2026-03-16 19:38:28 - INFO - 数据处理工具启动
2026-03-16 19:38:28 - INFO - ============================================================
2026-03-16 19:38:28 - INFO - 开始处理目录: D:\studious-winner\data\input
2026-03-16 19:38:28 - INFO - 开始处理文件: D:\studious-winner\data\input\test_data.csv
2026-03-16 19:38:28 - INFO - 文件验证通过，有效数据条数: 5
2026-03-16 19:38:28 - INFO - 统计结果: {'sum': 1002.0, 'average': 200.4, 'median': 200.75, 'count': 5, 'min': 100.5, 'max': 300.0}
2026-03-16 19:38:28 - INFO - 报告已生成: D:\studious-winner\build\dist\test_data_report.md
2026-03-16 19:38:28 - INFO - 开始处理文件: D:\studious-winner\data\input\test_data.json
2026-03-16 19:38:28 - INFO - 文件验证通过，有效数据条数: 5
2026-03-16 19:38:28 - INFO - 统计结果: {'sum': 1002.0, 'average': 200.4, 'median': 200.75, 'count': 5, 'min': 100.5, 'max': 300.0}
2026-03-16 19:38:28 - INFO - 报告已生成: D:\studious-winner\build\dist\test_data_report.md
2026-03-16 19:38:28 - INFO - 处理完成 - 成功: 2, 跳过: 0
2026-03-16 19:38:28 - INFO - 数据处理完成
2026-03-16 19:38:28 - INFO - ============================================================
2026-03-16 19:38:28 - INFO - 数据处理工具结束
2026-03-16 19:38:28 - INFO - ============================================================
2026-03-16 20:02:37 - INFO - ============================================================
2026-03-16 20:02:37 - INFO - 数据处理工具启动
2026-03-16 20:02:37 - INFO - ============================================================
2026-03-16 20:02:37 - INFO - 开始处理目录: D:\studious-winner\data\input
2026-03-16 20:02:37 - INFO - 开始处理文件: D:\studious-winner\data\input\test_data.csv
2026-03-16 20:02:37 - INFO - 文件验证通过，有效数据条数: 5
2026-03-16 20:02:37 - INFO - 统计结果: {'sum': 1002.0, 'average': 200.4, 'median': 200.75, 'count': 5, 'min': 100.5, 'max': 300.0}
2026-03-16 20:02:37 - INFO - 报告已生成: D:\studious-winner\build\dist\test_data_report.md
2026-03-16 20:02:37 - INFO - 开始处理文件: D:\studious-winner\data\input\test_data.json
2026-03-16 20:02:37 - INFO - 文件验证通过，有效数据条数: 5
2026-03-16 20:02:37 - INFO - 统计结果: {'sum': 1002.0, 'average': 200.4, 'median': 200.75, 'count': 5, 'min': 100.5, 'max': 300.0}
2026-03-16 20:02:37 - INFO - 报告已生成: D:\studious-winner\build\dist\test_data_report.md
2026-03-16 20:02:37 - INFO - 处理完成 - 成功: 2, 跳过: 0
2026-03-16 20:02:37 - INFO - 数据处理完成
2026-03-16 20:02:37 - INFO - ============================================================
2026-03-16 20:02:37 - INFO - 数据处理工具结束
2026-03-16 20:02:37 - INFO - ============================================================
