2026-03-16 20:09:31,210 - INFO - 开始数据处理
2026-03-16 20:09:31,211 - INFO - 跳过只读文件: legacy.dat
2026-03-16 20:09:31,211 - INFO - 开始分析文件: test_data1.csv
2026-03-16 20:09:31,212 - INFO - 文件分析成功: test_data1.csv
2026-03-16 20:09:31,213 - INFO - 开始分析文件: test_data2.json
2026-03-16 20:09:31,213 - INFO - 文件分析成功: test_data2.json
2026-03-16 20:09:31,215 - INFO - 生成报告
2026-03-16 20:09:31,218 - INFO - 文件写入成功: D:\studious-winner1\build\dist\report_20260316_200931.md
2026-03-16 20:09:31,218 - INFO - 报告生成成功: D:\studious-winner1\build\dist\report_20260316_200931.md
2026-03-16 20:09:31,218 - INFO - 数据处理完成
2026-03-16 20:36:02,116 - INFO - 开始数据处理
2026-03-16 20:36:02,117 - INFO - 跳过只读文件: legacy.dat
2026-03-16 20:36:02,117 - INFO - 开始分析文件: test_data1.csv
2026-03-16 20:36:02,118 - INFO - 文件分析成功: test_data1.csv
2026-03-16 20:36:02,118 - INFO - 开始分析文件: test_data2.json
2026-03-16 20:36:02,118 - INFO - 文件分析成功: test_data2.json
2026-03-16 20:36:02,118 - INFO - 生成报告
2026-03-16 20:36:02,119 - INFO - 文件写入成功: D:\studious-winner1\build\dist\report_20260316_203602.md
2026-03-16 20:36:02,119 - INFO - 报告生成成功: D:\studious-winner1\build\dist\report_20260316_203602.md
2026-03-16 20:36:02,119 - INFO - 数据处理完成
2026-03-16 20:43:29,477 - INFO - 开始数据处理
2026-03-16 20:43:29,478 - INFO - 跳过只读文件: legacy.dat
2026-03-16 20:43:29,478 - INFO - 开始分析文件: test_data1.csv
2026-03-16 20:43:29,479 - INFO - 文件分析成功: test_data1.csv
2026-03-16 20:43:29,479 - INFO - 开始分析文件: test_data2.json
2026-03-16 20:43:29,480 - INFO - 文件分析成功: test_data2.json
2026-03-16 20:43:29,480 - INFO - 生成报告
2026-03-16 20:43:29,483 - INFO - 文件写入成功: D:\studious-winner1\build\dist\report_20260316_204329.md
2026-03-16 20:43:29,483 - INFO - 报告生成成功: D:\studious-winner1\build\dist\report_20260316_204329.md
2026-03-16 20:43:29,483 - INFO - 数据处理完成
2026-03-16 20:50:13,969 - INFO - 开始数据处理
2026-03-16 20:50:13,971 - INFO - 跳过只读文件: legacy.dat
2026-03-16 20:50:13,972 - INFO - 开始分析文件: test_data1.csv
2026-03-16 20:50:13,972 - INFO - 文件分析成功: test_data1.csv
2026-03-16 20:50:13,973 - INFO - 开始分析文件: test_data2.json
2026-03-16 20:50:13,975 - INFO - 文件分析成功: test_data2.json
2026-03-16 20:50:13,975 - INFO - 生成报告
2026-03-16 20:50:13,977 - INFO - 文件写入成功: D:\studious-winner1\build\dist\report_20260316_205013.md
2026-03-16 20:50:13,977 - INFO - 报告生成成功: D:\studious-winner1\build\dist\report_20260316_205013.md
2026-03-16 20:50:13,977 - INFO - 数据处理完成
2026-03-16 21:19:47,019 - INFO - 开始数据处理
2026-03-16 21:19:47,021 - INFO - 跳过只读文件: legacy.dat
2026-03-16 21:19:47,022 - INFO - 开始分析文件: test_data1.csv
2026-03-16 21:19:47,023 - INFO - 文件分析成功: test_data1.csv
2026-03-16 21:19:47,023 - INFO - 开始分析文件: test_data2.json
2026-03-16 21:19:47,023 - INFO - 文件分析成功: test_data2.json
2026-03-16 21:19:47,024 - INFO - 生成报告
2026-03-16 21:19:47,027 - INFO - 文件写入成功: D:\studious-winner1\build\dist\report_20260316_211947.md
2026-03-16 21:19:47,027 - INFO - 报告生成成功: D:\studious-winner1\build\dist\report_20260316_211947.md
2026-03-16 21:19:47,027 - INFO - 数据处理完成
